[INFO] no: 0
A 21-year-old male presents to his primary care provider for fatigue. He reports that he graduated from college last month and returned 3 days ago from a 2 week vacation to Vietnam and Cambodia. For the past 2 days, he has developed a worsening headache, malaise, and pain in his hands and wrists. The patient has a past medical history of asthma managed with albuterol as needed. He is sexually active with both men and women, and he uses condoms “most of the time.” On physical exam, the patient’s temperature is 102.5°F (39.2°C), blood pressure is 112/66 mmHg, pulse is 105/min, respirations are 12/min, and oxygen saturation is 98% on room air. He has tenderness to palpation over his bilateral metacarpophalangeal joints and a maculopapular rash on his trunk and upper thighs. Tourniquet test is negative. Laboratory results are as follows:

Hemoglobin: 14 g/dL
Hematocrit: 44%
Leukocyte count: 3,200/mm^3
Platelet count: 112,000/mm^3

Serum:
Na+: 142 mEq/L
Cl-: 104 mEq/L
K+: 4.6 mEq/L
HCO3-: 24 mEq/L
BUN: 18 mg/dL
Glucose: 87 mg/dL
Creatinine: 0.9 mg/dL
AST: 106 U/L
ALT: 112 U/L
Bilirubin (total): 0.8 mg/dL
Bilirubin (conjugated): 0.3 mg/dL

Which of the following is the most likely diagnosis in this patient? Options: (D) Hepatitis A (A) Chikungunya (C) Epstein-Barr virus (B) Dengue fever (E) Typhoid fever

[INFO] Layer 1 results:
Agent 1: The most likely diagnosis in this patient is **(B) Dengue fever**.

### Key Findings Supporting Dengue Fever:
1. **Recent Travel to Endemic Regions**: The patient recently traveled to Vietnam and Cambodia, both of which are endemic for dengue.
2. **Fever and Constitutional Symptoms**: High fever (102.5°F), malaise, and headache are classic symptoms of dengue.
3. **Joint Pain (Arthralgia)**: Pain in the hands and wrists (metacarpophalangeal joints) is a hallmark of dengue.
4. **Maculopapular Rash**: A rash on the trunk and upper thighs is common in dengue.
5. **Thrombocytopenia**: The platelet count is low (112,000/mm³), which is typical in dengue (can lead to bleeding tendencies, though the tourniquet test is negative here).
6. **Leukopenia**: The leukocyte count is low (3,200/mm³), which is often seen in dengue.
7. **Mild Transaminitis**: Elevated AST/ALT (106/112 U/L) is common in dengue but not severe enough to suggest hepatitis.

### Why Not the Other Options?
- **(A) Chikungunya**: Also causes fever, joint pain, and rash, but joint pain is usually more severe and persistent, and thrombocytopenia is less common.
- **(C) Epstein-Barr Virus (EBV)**: Typically presents with pharyngitis, lymphadenopathy, and atypical lymphocytosis (not seen here).
- **(D) Hepatitis A**: Causes jaundice, elevated bilirubin, and markedly elevated transaminases (AST/ALT > 1000 U/L), which are absent here.
- **(E) Typhoid Fever**: Causes high fever, abdominal pain, and relative bradycardia (not seen here), with leukopenia but no characteristic rash or joint pain.

### Conclusion:
The combination of **fever, joint pain, rash, thrombocytopenia, leukopenia, and recent travel to an endemic area** strongly suggests **dengue fever**.

Agent 2: The most likely diagnosis in this patient is **(A) Chikungunya**.

### **Key Features Supporting Chikungunya:**
1. **Recent Travel to Endemic Areas** – The patient traveled to **Vietnam and Cambodia**, both of which have active Chikungunya transmission.
2. **Fever + Arthralgia (Joint Pain)** – Chikungunya is classically associated with **severe arthralgia (especially in hands and wrists)** and fever.
3. **Maculopapular Rash** – Common in Chikungunya (though not pathognomonic).
4. **Lymphopenia (Leukocyte count: 3,200/mm³)** – Mild leukopenia is typical.
5. **Negative Tourniquet Test** – Rules out **Dengue hemorrhagic fever** (which often has a positive tourniquet test).
6. **No Severe Hepatitis or Splenomegaly** – Rules out **Hepatitis A** (which would have higher AST/ALT and possible jaundice) and **Epstein-Barr virus** (which often causes lymphocytosis and pharyngitis).
7. **No Severe GI Symptoms or Typhoid-Like Illness** – Rules out **Typhoid fever** (which typically presents with high fever, GI symptoms, and relative bradycardia).

### **Why Not the Other Options?**
- **(D) Hepatitis A** – Would likely have **higher AST/ALT (often >1000 U/L)** and possible jaundice.
- **(C) Epstein-Barr Virus (EBV)** – Would typically cause **lymphocytosis (high WBC with atypical lymphocytes)**, pharyngitis, and fatigue without joint pain.
- **(B) Dengue Fever** – More likely to have **thrombocytopenia (platelets <100,000/mm³)** and a **positive tourniquet test** (this patient’s platelets are 112,000/mm³, and the tourniquet test was negative).
- **(E) Typhoid Fever** – Would present with **persistent high fever, GI symptoms (diarrhea, abdominal pain), and relative bradycardia**, not joint pain.

### **Conclusion:**
The **most likely diagnosis is Chikungunya** due to the **recent travel history, fever, arthralgia, rash, and mild leukopenia** without severe thrombocytopenia or hepatitis markers. If available, **serologic

Agent 3: The most likely diagnosis in this patient, based on the clinical presentation and laboratory findings, is **(A) Chikungunya**.

### **Key Points Supporting Chikungunya:**
1. **Travel History**: The patient recently returned from Vietnam and Cambodia, which are endemic regions for chikungunya virus.
2. **Clinical Features**:
   - **Severe arthralgia** (pain in hands and wrists) is a hallmark of chikungunya, often persistent and debilitating.
   - **Fever, headache, and malaise** are common symptoms.
   - **Maculopapular rash** (though not always present) can occur.
3. **Laboratory Findings**:
   - **Mild leukopenia** (leukocyte count 3,200/mm³) is seen in chikungunya.
   - **Mild transaminitis (AST/ALT elevation)** is common due to viral infection.
   - **Negative tourniquet test** rules out dengue hemorrhagic fever (a key differential).

### **Why Not the Other Options?**
- **(B) Dengue fever**: Typically causes a **positive tourniquet test** (evidence of capillary leak), thrombocytopenia (platelets often <100,000), and more severe hemorrhagic manifestations. This patient’s platelets are **112,000**, and the tourniquet test is **negative**.
- **(D) Hepatitis A**: Would present with **jaundice, elevated bilirubin, and liver enzyme elevations without arthralgia**. This patient has **no jaundice** and **normal bilirubin**.
- **(C) Epstein-Barr virus (EBV)**: Causes **pharyngitis, lymphadenopathy, and atypical lymphocytosis**, not severe arthralgia or travel-related symptoms.
- **(E) Typhoid fever**: Presents with **fever, abdominal pain, and gastrointestinal symptoms**, not arthralgia or rash.

### **Conclusion:**
The **severe arthralgia, travel history, and clinical/lab findings strongly suggest chikungunya**. If confirmed by serology or PCR testing, supportive care (NSAIDs for pain, hydration) would be the mainstay of treatment.

Agent 4: The most likely diagnosis in this patient is **(B) Dengue fever**.

### Key Supporting Evidence:
1. **Travel History to Endemic Regions**:
   - The patient recently returned from Vietnam and Cambodia, where **Dengue fever** is highly endemic. Dengue is transmitted by *Aedes aegypti* and *Aedes albopictus* mosquitoes.

2. **Clinical Presentation**:
   - **Fever** (102.5°F), **headache**, **malaise**, **arthralgia** (pain in hands/wrists), and **maculopapular rash** are classic features of Dengue fever.
   - The **tourniquet test** being negative rules out **Kawasaki disease** (which would show leukocytosis and thrombocytosis with rash).

3. **Laboratory Findings**:
   - While not definitive, the **leukopenia (3,200/mm³)** and **elevated AST/ALT (106/112 U/L)** are seen in **Dengue hemorrhagic fever (DHF)**, a severe complication where liver dysfunction can occur.
   - The **normal hemoglobin/hematocrit** and **platelet count** (though low, not as severe as in DHF) are consistent with early or mild Dengue.

4. **Exclusion of Other Options**:
   - **(A) Hepatitis A**: No risk factors (no fecal-oral exposure), no jaundice (total bilirubin is normal).
   - **(C) Epstein-Barr virus (EBV)**: No travel history, no rash, no fever spike, and no hematologic abnormalities.
   - **(D) Chikungunya**: Possible, but less likely without a longer travel duration (2 weeks is typical for Dengue transmission). Chikungunya is also less likely to cause severe arthralgia and fever as prominently.
   - **(E) Typhoid fever**: Requires fecal-oral transmission (unlikely here), and rash would be more localized (e.g., rose spots on chest/back).

### Differential Considerations:
- **Dengue vs. Chikungunya**: Both are arboviruses from the same mosquito vector, but Dengue is more common in this region and has a broader spectrum of severity (including DHF).
- **Other Viral Causes**: Zika or Zika-like viruses are possible but less likely given the travel history and clinical presentation.

### Conclusion:
**Dengue


[INFO] Layer 2 results:
Agent 1: Based on the patient's clinical presentation, travel history, and laboratory findings, the most likely diagnosis is **(B) Dengue fever**.

### **Key Supporting Evidence for Dengue Fever:**
1. **Travel History**: The patient recently traveled to Vietnam and Cambodia, both of which are endemic regions for dengue fever.
2. **Clinical Presentation**:
   - **High fever (102.5°F)**, **headache**, **malaise**, and **arthralgia** (pain in hands and wrists) are classic symptoms of dengue fever.
   - **Maculopapular rash** on the trunk and upper thighs is also consistent with dengue.
   - The **negative tourniquet test** suggests that the patient does not have dengue hemorrhagic fever, which would typically show a positive test.
3. **Laboratory Findings**:
   - **Leukopenia (3,200/mm³)** and **thrombocytopenia (112,000/mm³)** are common in dengue fever.
   - **Mild transaminitis (AST/ALT elevation)** is often seen in dengue due to liver involvement.
   - **Normal hemoglobin, hematocrit, and bilirubin** levels rule out severe hemolysis or liver dysfunction seen in conditions like hepatitis A or typhoid fever.

### **Why Not the Other Options?**
- **(A) Chikungunya**: While it can present with fever and arthralgia, it typically causes more severe and persistent joint pain, and thrombocytopenia is less common.
- **(C) Epstein-Barr Virus (EBV)**: Usually presents with pharyngitis, lymphadenopathy, and atypical lymphocytosis, not the rash or joint pain seen here.
- **(D) Hepatitis A**: Typically causes jaundice, elevated bilirubin, and markedly elevated transaminases (AST/ALT > 1000 U/L), which are absent in this patient.
- **(E) Typhoid Fever**: Presents with high fever, abdominal pain, and relative bradycardia, along with leukopenia but without the characteristic rash or joint pain seen in dengue.

### **Conclusion:**
The combination of **fever, arthralgia, rash, thrombocytopenia, leukopenia, and recent travel to an endemic area** strongly supports a diagnosis of **dengue fever**. Further diagnostic testing, such as serology or PCR for dengue virus, can confirm the diagnosis. Supportive care, including hydration and pain management, is the mainstay of treatment.

Agent 2: ### **Synthesized Diagnosis: Most Likely Chikungunya (A)**

After critically evaluating the responses and synthesizing the clinical presentation, travel history, and laboratory findings, **Chikungunya (Option A)** is the **most likely diagnosis** in this patient. Below is the refined reasoning:

---

### **Key Supporting Evidence for Chikungunya**
1. **Travel History**
   - The patient traveled to **Vietnam and Cambodia**, both endemic for **Chikungunya virus** (CHIKV), transmitted by *Aedes* mosquitoes.
   - Dengue is also endemic in these regions, but **Chikungunya is more strongly associated with severe, persistent arthralgia** (pain in hands/wrists), which is a **hallmark feature** of CHIKV infection.

2. **Clinical Presentation**
   - **Fever (102.5°F)** + **arthralgia (metacarpophalangeal joint pain)** is **classic for Chikungunya**.
   - **Maculopapular rash** (trunk/upper thighs) is common in CHIKV but not pathognomonic.
   - **Malaise and headache** are nonspecific but consistent with viral illness.

3. **Laboratory Findings**
   - **Leukopenia (3,200/mm³)** is seen in CHIKV (though not as profound as in Dengue).
   - **Mild transaminitis (AST/ALT elevation)** is common in viral infections but **not severe enough for Hepatitis A**.
   - **Platelets (112,000/mm³)** are **mildly low** but **not as severely depressed as in Dengue** (where thrombocytopenia <100,000 is more typical).
   - **Negative tourniquet test** rules out **Dengue hemorrhagic fever (DHF)**, which often has a **positive tourniquet test** (capillary leak).

4. **Exclusion of Other Diagnoses**
   - **(B) Dengue Fever**:
     - While possible, **Dengue is less likely** because:
       - **Arthralgia is more severe and persistent in Chikungunya**.
       - **Platelets are not as low** (Dengue typically causes **thrombocytopenia <100,000**).
       - **Tourniquet test is negative** (DHF often

Agent 3: After critically evaluating the provided responses and synthesizing the key elements from each, the most accurate and well-supported diagnosis for this patient is **Dengue fever (B)**. Here’s the refined reasoning:

---

### **Key Findings Supporting Dengue Fever (B)**
1. **Travel History**:
   - Recent travel to **Vietnam and Cambodia**, regions with high dengue endemicity. Dengue is the most prevalent arboviral infection in these areas, with a higher incidence than chikungunya in many regions.

2. **Clinical Presentation**:
   - **Fever (102.5°F)**, **headache**, **malaise**, and **arthralgia** (especially in the hands and wrists) are classic symptoms of dengue. The **maculopapular rash** on the trunk and upper thighs is also consistent with dengue.
   - The **negative tourniquet test** does not rule out dengue entirely, as it may be negative in early or mild cases. However, the absence of severe thrombocytopenia (platelets at 112,000/mm³) or hemorrhagic manifestations suggests a non-severe presentation.

3. **Laboratory Findings**:
   - **Leukopenia (3,200/mm³)** is common in dengue due to viral suppression of bone marrow.
   - **Mild transaminitis (AST/ALT: 106/112 U/L)** is seen in dengue fever, reflecting viral hepatitis-like effects on the liver. This is not severe enough to suggest hepatitis A or another hepatic pathology.
   - **Thrombocytopenia (112,000/mm³)** is present but not as severe as in dengue hemorrhagic fever (DHF), where platelets often drop below 50,000/mm³. The mild thrombocytopenia aligns with early dengue infection.

4. **Exclusion of Other Diagnoses**:
   - **(A) Chikungunya**: While chikungunya also causes fever and arthralgia, it is less common in these regions compared to dengue. Chikungunya typically presents with **more severe, persistent joint pain** and is often associated with **lymphopenia without thrombocytopenia**. The negative tourniquet test further reduces the likelihood of chikungunya, as dengue is more likely to be confused with it in this context.
   - **(C) Epstein-Barr Virus (EBV)**: EBV typically presents with **pharyngitis, lymph

Agent 4: Given the **comprehensive clinical presentation, travel history, and laboratory findings**, the most likely diagnosis for this patient is **Dengue fever (B)**, though **Chikungunya (A)** remains a strong differential given the joint pain and recent travel. However, **Dengue is the more probable diagnosis** based on the following refined analysis:

---

### **Final Diagnosis: Dengue Fever (B)**
#### **Key Supporting Evidence:**
1. **Travel History & Endemic Risk**
   - Vietnam and Cambodia are **highly endemic for dengue**, with *Aedes aegypti* mosquitoes transmitting the virus. The **2-week travel duration** aligns with the typical incubation period for dengue (3–14 days).

2. **Clinical Presentation**
   - **Classic triad of dengue**:
     - **Fever (102.5°F)** with **headache and malaise** (classic "breakbone fever").
     - **Arthralgia (pain in hands/wrists)**, a hallmark of dengue (though Chikungunya also causes severe joint pain).
     - **Maculopapular rash on trunk/upper thighs** (common in dengue, often appearing after fever peaks).
   - **Tourniquet test negative**: Rules out **Dengue hemorrhagic fever (DHF)**, where this test is typically positive due to capillary leakage. The patient’s **platelet count (112,000/mm³) is low but not severe** (DHF often has platelets <50,000/mm³), and there is no evidence of bleeding.

3. **Laboratory Findings**
   - **Leukopenia (3,200/mm³)** is **classic for dengue** (neutrophil dominance with lymphopenia).
   - **Mild transaminitis (AST/ALT 106/112 U/L)** is common in dengue (viral hepatitis-like presentation) but **not severe enough to suggest hepatitis A** (which would have higher AST/ALT, jaundice, or elevated bilirubin).
   - **Normal total bilirubin (0.8 mg/dL)** excludes **hepatitis A (D)** and **hepatitis E** (not listed as an option).
   - **Normal hemoglobin/hematocrit** and **low but non-severe platelet count** are consistent with **early dengue** (platelets may rise during defervescence).

4. **Ex


[INFO] Final aggregated result: ### **Final Diagnosis: Dengue Fever (B)**

#### **Comprehensive Rationale:**

This patient’s clinical presentation, travel history, and laboratory findings are **most consistent with dengue fever**, though **chikungunya remains an important differential diagnosis**. Below is a **refined, evidence-based synthesis** of the key findings supporting dengue as the most likely diagnosis:

---

### **1. Travel History & Epidemiology**
- The patient recently traveled to **Vietnam and Cambodia**, both **hyperendemic for dengue fever** (transmitted by *Aedes aegypti* and *Aedes albopictus* mosquitoes).
- While **chikungunya** is also present in these regions, **dengue is far more prevalent**, with **millions of cases annually** in Southeast Asia compared to chikungunya, which has **sporadic outbreaks**.
- The **2-week travel duration** aligns with the **3–14 day incubation period** of dengue.

---

### **2. Clinical Presentation: Classic Dengue Features**
#### **Key Symptoms:**
- **Fever (102.5°F / 39.2°C)** with **headache and malaise** ("breakbone fever" is a hallmark of dengue).
- **Arthralgia (pain in hands/wrists)**: While **chikungunya is known for severe, persistent joint pain**, dengue can also cause **mild to moderate arthralgia**, particularly in the **small joints (hands/wrists)**.
- **Maculopapular rash (trunk/upper thighs)**: A **common feature of dengue**, typically appearing **after the fever peaks** (day 3–5 of illness). The rash is **less prominent in chikungunya** and often **absent in early stages**.
- **Negative tourniquet test**: Rules out **dengue hemorrhagic fever (DHF)**, which would typically show **petechiae or a positive tourniquet test** due to capillary leakage. The patient’s **mild thrombocytopenia (112,000/mm³)** and **absence of bleeding** suggest **non-severe dengue**.

#### **Why Not Chikungunya?**
- While **chikungunya** can cause **fever, arthralgia, and rash**, it is **less likely** in this case because:
  - **Joint pain in chikungunya is typically more severe and debilitating** (often involving **large joints like knees/ankles** and persisting for **weeks to months**).
  - **Thrombocytopenia is less common in chikungunya** (platelets are usually **normal or only mildly low**).
  - **Rash in chikungunya is often less pronounced** and may appear **later in the illness**.

---

### **3. Laboratory Findings: Strongly Supportive of Dengue**
| **Finding**               | **Dengue**                          | **Chikungunya**                     | **Other Diagnoses**               |
|---------------------------|-------------------------------------|-------------------------------------|-----------------------------------|
| **Leukopenia (3,200/mm³)** | **Classic** (lymphopenia common)    | Possible (but less pronounced)      | EBV: **Lymphocytosis**            |
| **Thrombocytopenia (112,000/mm³)** | **Common** (often <100,000 in severe cases) | **Less common** (usually normal) | Hepatitis A: **Normal platelets** |
| **Mild transaminitis (AST/ALT 106/112 U/L)** | **Common** (viral hepatitis-like effect) | Possible (but less common) | Hepatitis A: **Markedly elevated (>1000 U/L)** |
| **Normal bilirubin (0.8 mg/dL)** | **Expected** (jaundice rare in dengue) | **Expected** | Hepatitis A: **Elevated bilirubin** |
| **Negative tourniquet test** | **Rules out DHF** (but not uncomplicated dengue) | **Not applicable** | Typhoid: **Not relevant** |

#### **Key Takeaways from Labs:**
- **Leukopenia + thrombocytopenia** are **highly suggestive of dengue** (seen in **~80% of cases**).
- **Mild transaminitis** is **common in dengue** (due to viral hepatitis-like effect) but **not severe enough for hepatitis A** (which would have **AST/ALT >1000 U/L** and **elevated bilirubin**).
- **Normal hemoglobin/hematocrit** rules out **hemolytic processes** (e.g., malaria, which is not an option here).

---

### **4. Exclusion of Other Diagnoses**
| **Diagnosis**       | **Why It’s Unlikely**                                                                 |
|---------------------|--------------------------------------------------------------------------------------|
| **(A) Chikungunya** | Less likely due to **milder joint pain, thrombocytopenia, and rash timing**.         |
| **(C) EBV**         | Typically causes **pharyngitis, lymphadenopathy, and atypical lymphocytosis** (not seen here). |
| **(D) Hepatitis A** | Would present with **jaundice, markedly elevated AST/ALT (>1000 U/L), and hyperbilirubinemia**. |
| **(E) Typhoid Fever** | Causes **high fever, abdominal pain, relative bradycardia, and leukopenia** but **not rash or arthralgia**. |

---

### **5. Next Steps for Confirmation**
While **dengue is the most likely diagnosis**, **confirmatory testing** should be performed:
- **Dengue serology (IgM/IgG)** or **NS1 antigen test** (positive in early infection).
- **Chikungunya serology (IgM)** if clinical suspicion remains high.
- **PCR testing** (if available) for **dengue or chikungunya** (most sensitive in first 5 days of illness).

#### **Management:**
- **Supportive care**: Hydration, **acetaminophen (avoid NSAIDs due to bleeding risk)**, and **monitoring for warning signs of severe dengue** (e.g., abdominal pain, persistent vomiting, mucosal bleeding, lethargy).
- **Avoid aspirin/NSAIDs** (increases bleeding risk in dengue).
- **Follow-up platelet counts** to monitor for **progression to DHF** (though unlikely in this case).

---

### **Conclusion**
The **combination of fever, arthralgia, rash, leukopenia, thrombocytopenia, and recent travel to a dengue-endemic region** makes **dengue fever (B) the most likely diagnosis**. While **chikungunya (A) remains a differential**, the **clinical and laboratory findings favor dengue**. **Hepatitis A, EBV, and typhoid fever are effectively ruled out** by the patient’s presentation and lab results.

**Final Answer: (B) Dengue fever** ✅


[INFO] no: 1
A 56-year-old man with a history of hypertension presents to his physician with progressive fatigue and new onset muscle cramps. He has had no recent changes to his medication regimen, which includes hydrochlorothiazide, lisinopril, and amlodipine. His temperature is 98.0°F (36.7°C), blood pressure is 174/111 mmHg, pulse is 70/min, respirations are 12/min, and oxygen saturation is 98% on room air. The patient's cardiopulmonary and abdominal exams are unremarkable. Laboratory values are ordered as seen below.

Serum:
Na+: 138 mEq/L
Cl-: 100 mEq/L
K+: 3.3 mEq/L
HCO3-: 33 mEq/L
BUN: 20 mg/dL
Glucose: 129 mg/dL

What is the most likely underlying etiology of this patient's hypertension? Options: (C) Cortisol excess (E) Increased peripheral vascular resistance (D) Impaired kidney perfusion (B) Catecholamine-secreting mass (A) Aldosterone excess

[INFO] Layer 1 results:
Agent 1: The most likely underlying etiology of this patient's hypertension, given the laboratory findings and clinical presentation, is **(A) Aldosterone excess**.

### **Key Findings Supporting Aldosterone Excess (Hyperaldosteronism):**
1. **Hypokalemia (K+ 3.3 mEq/L)** – Aldosterone promotes renal potassium excretion, leading to low serum potassium.
2. **Metabolic alkalosis (HCO3- 33 mEq/L, Cl- 100 mEq/L)** – Aldosterone causes bicarbonate retention and chloride depletion, contributing to metabolic alkalosis.
3. **Hypertension (174/111 mmHg)** – Aldosterone excess leads to sodium retention, volume expansion, and hypertension.
4. **Muscle cramps and fatigue** – Hypokalemia can cause muscle weakness and cramps.

### **Why Not the Other Options?**
- **(C) Cortisol excess (Cushing’s syndrome)** – Typically causes **hypokalemia** but also leads to **hypernatremia** (not seen here) and other features like truncal obesity, striae, and glucose intolerance (though his glucose is mildly elevated, it’s not diagnostic).
- **(E) Increased peripheral vascular resistance** – This is a **mechanism** of hypertension, not an underlying **etiology**. It could be due to multiple causes, including aldosterone excess.
- **(D) Impaired kidney perfusion** – This would typically lead to **prerenal azotemia (elevated BUN/Cr)**, which is not present.
- **(B) Catecholamine-secreting mass (e.g., pheochromocytoma)** – This would cause **paroxysmal hypertension**, not sustained hypertension, and often presents with symptoms like palpitations, headaches, and diaphoresis.

### **Conclusion:**
The combination of **hypokalemia, metabolic alkalosis, and hypertension** strongly suggests **aldosterone excess (primary hyperaldosteronism)** as the most likely underlying etiology. Further workup (e.g., plasma aldosterone/renin ratio) would confirm this diagnosis.

Agent 2: The most likely underlying etiology of this patient's hypertension, given the clinical presentation and laboratory findings, is **(A) Aldosterone excess**.

### **Reasoning:**
1. **Clinical Presentation:**
   - The patient is on **hydrochlorothiazide (HCTZ)**, a thiazide diuretic that causes **hypokalemia** (low potassium) by increasing renal potassium excretion and promoting aldosterone secretion.
   - He presents with **fatigue and muscle cramps**, which are classic symptoms of **hypokalemia** (K⁺ = 3.3 mEq/L).
   - His **blood pressure remains elevated** despite antihypertensive therapy, suggesting a **secondary cause of hypertension** (e.g., aldosterone excess).

2. **Laboratory Findings:**
   - **Hypokalemia (K⁺ = 3.3 mEq/L)** is a key clue.
   - **Metabolic alkalosis (HCO₃⁻ = 33 mEq/L)** is consistent with **aldosterone excess** (due to increased Na⁺ reabsorption and K⁺/H⁺ secretion).
   - **Low chloride (Cl⁻ = 100 mEq/L)** supports **contraction alkalosis** (from volume depletion and renal H⁺ excretion).
   - **Normal BUN and glucose** do not suggest renal failure or diabetes as primary contributors.

3. **Differential Diagnosis of Secondary Hypertension:**
   - **(A) Aldosterone excess (Primary Hyperaldosteronism)**:
     - Causes **hypokalemia, metabolic alkalosis, and hypertension** due to mineralocorticoid excess.
     - Thiazide diuretics can **unmask** latent aldosterone excess (pseudoaldosteronism).
   - **(C) Cortisol excess (Cushing’s Syndrome)**:
     - Typically causes **hyperglycemia, hypokalemia, and hypertension**, but **metabolic alkalosis is less pronounced** than in aldosterone excess.
   - **(E) Increased peripheral vascular resistance (Essential Hypertension)**:
     - Unlikely given the **hypokalemia and metabolic alkalosis**, which suggest a hormonal cause.
   - **(D) Impaired kidney perfusion (Renal Artery Stenosis)**:
     - Would typically cause **elevated creatinine, BUN, or renin-aldosterone mismatch**, which are not seen here.
   - **(B) Catecholamine-secre

Agent 3: The most likely underlying etiology of this patient's hypertension in this clinical scenario is **(E) Increased peripheral vascular resistance**.

### **Rationale:**
1. **Hypertension with Low Renin-Hypokalemia (Pseudohypoaldosteronism Type II or Apparent Mineralocorticoid Excess?)**
   - The patient has **hypokalemia (K+ 3.3 mEq/L)** despite **normal sodium (138 mEq/L)** and **low chloride (100 mEq/L)**.
   - **Hydrochlorothiazide** (a thiazide diuretic) is known to cause **hypokalemia, hyponatremia, and metabolic alkalosis**, but this patient has **normal sodium and high bicarbonate (33 mEq/L)**, which is unusual for thiazide diuretic use alone.
   - **Lisinopril (an ACE inhibitor)** could cause **hyperkalemia**, but the patient is **hypokalemic**, suggesting **compensatory aldosterone excess or another mechanism**.
   - **Amlodipine (a calcium channel blocker)** does not typically cause hypokalemia.

2. **Possible Causes of Hypokalemia in This Context:**
   - **Primary Hyperaldosteronism (Aldosterone Excess - Option A):**
     - Aldosterone excess causes **hypokalemia, metabolic alkalosis, and hypertension** due to **increased renal potassium excretion and sodium retention**.
     - However, **BUN is normal (20 mg/dL)**, which is **less suggestive of severe aldosterone excess** (typically associated with elevated BUN due to volume contraction).
     - **Plasma renin activity (PRA) would be suppressed** in primary hyperaldosteronism, but this is not measured here.

   - **Apparent Mineralocorticoid Excess (AME) or Licorice/Nonsteroidal Anti-Inflammatory Drug (NSAID) Use:**
     - **AME** (due to 11β-hydroxysteroid dehydrogenase deficiency) causes **pseudohyperaldosteronism** with **hypokalemia, metabolic alkalosis, and hypertension**.
     - **Licorice or NSAIDs** inhibit 11β-HSD, leading to **cortisol activation in mineralocorticoid receptors**, mimicking aldosterone excess.
     - However, the patient has **no history of licorice or NSAID

Agent 4: This patient presents with **hypertension, progressive fatigue, and muscle cramps**, along with laboratory findings that suggest **metabolic alkalosis with mild hypernatremia and hypokalemia** (though potassium is only slightly low at 3.3 mEq/L).

### **Key Observations:**
1. **Hypertension** – Persistent despite multiple antihypertensive medications (HCTZ, lisinopril, amlodipine).
2. **Metabolic alkalosis (HCO₃⁻ = 33 mEq/L)** – Suggests **volume depletion** (e.g., from diuretic use) or **excessive acid loss** (e.g., vomiting, diuretics).
3. **Hypokalemia (K⁺ = 3.3 mEq/L)** – Consistent with **thiazide or loop diuretic use** (HCTZ is a thiazide).
4. **Normal BUN/creatinine** – No acute kidney injury, but **chronic kidney disease (CKD) or nephrosclerosis** could contribute to hypertension.
5. **No evidence of adrenal mass, pheochromocytoma, or cortisol excess** – No signs of **Cushing’s syndrome (hyperglycemia, hyperglycemia, weight gain, etc.)** or **catecholamine excess (tachycardia, sweating, headache)**.

### **Most Likely Etiology:**
The **most probable cause of persistent hypertension in this patient is **impaired kidney perfusion (D) or chronic kidney disease (CKD)****, particularly given:
- **Hypertension resistant to multiple medications** (suggests **secondary hypertension**).
- **Metabolic alkalosis + hypokalemia** – Often seen in **thiazide diuretic use (HCTZ)**, which can cause **volume contraction and salt-wasting nephropathy**.
- **No evidence of aldosterone excess (A)** (no hyperkalemia, metabolic acidosis, or hypovolemia with low renin).
- **No cortisol excess (C)** (no hyperglycemia, weight gain, or Cushingoid features).
- **No catecholamine-secreting mass (B)** (no tachycardia, sweating, or hypertensive crises).

### **Alternative Considerations (Less Likely):**
- **Aldosterone excess (A)** – Could cause **hypernatremia + hypokalemia + metabolic alkalosis**, but **no evidence of hypovolemia or


[INFO] Layer 2 results:
Agent 1: The most likely underlying etiology of this patient's hypertension is **(A) Aldosterone excess (Primary Hyperaldosteronism)**. Here's a refined and comprehensive explanation:

### **Key Findings Supporting Aldosterone Excess:**
1. **Hypokalemia (K+ 3.3 mEq/L):** Aldosterone promotes renal potassium excretion, leading to low serum potassium.
2. **Metabolic Alkalosis (HCO3- 33 mEq/L, Cl- 100 mEq/L):** Aldosterone causes bicarbonate retention and chloride depletion, contributing to metabolic alkalosis.
3. **Hypertension (174/111 mmHg):** Aldosterone excess leads to sodium retention, volume expansion, and hypertension.
4. **Muscle Cramps and Fatigue:** Hypokalemia can cause muscle weakness and cramps.

### **Why Not the Other Options?**
- **(C) Cortisol Excess (Cushing’s Syndrome):** While cortisol excess can cause hypokalemia, it typically leads to hypernatremia (not seen here) and other features like truncal obesity, striae, and glucose intolerance. The patient's glucose is mildly elevated but not diagnostic.
- **(E) Increased Peripheral Vascular Resistance:** This is a mechanism of hypertension, not an underlying etiology. It could be due to multiple causes, including aldosterone excess.
- **(D) Impaired Kidney Perfusion:** This would typically lead to prerenal azotemia (elevated BUN/Cr), which is not present.
- **(B) Catecholamine-Secreting Mass (e.g., Pheochromocytoma):** This would cause paroxysmal hypertension, not sustained hypertension, and often presents with symptoms like palpitations, headaches, and diaphoresis.

### **Conclusion:**
The combination of hypokalemia, metabolic alkalosis, and hypertension strongly suggests aldosterone excess (primary hyperaldosteronism) as the most likely underlying etiology. Further workup, such as measuring the plasma aldosterone/renin ratio, would confirm this diagnosis.

Agent 2: After carefully synthesizing the provided responses and critically evaluating the clinical presentation, laboratory findings, and differential diagnosis, the **most likely underlying etiology of this patient's hypertension is (A) Aldosterone excess (primary hyperaldosteronism)**. Below is the refined and comprehensive reasoning:

---

### **Key Clinical and Laboratory Findings Supporting Aldosterone Excess**
1. **Hypertension (174/111 mmHg)**:
   - Persistent despite **three antihypertensive medications** (HCTZ, lisinopril, amlodipine), suggesting **resistant hypertension** due to a **hormonal or volume-driven etiology**.
   - Aldosterone excess leads to **sodium retention, volume expansion, and hypertension** via mineralocorticoid receptor activation.

2. **Hypokalemia (K⁺ = 3.3 mEq/L)**:
   - Aldosterone promotes **renal potassium excretion**, leading to **hypokalemia**.
   - Thiazide diuretics (e.g., HCTZ) can **worsen hypokalemia** by enhancing aldosterone secretion, but the **degree of hypokalemia here is more severe than expected from HCTZ alone**, suggesting an **underlying aldosterone excess**.

3. **Metabolic Alkalosis (HCO₃⁻ = 33 mEq/L, Cl⁻ = 100 mEq/L)**:
   - Aldosterone causes **bicarbonate retention** (via proton excretion) and **chloride depletion**, leading to **metabolic alkalosis**.
   - The **low chloride (100 mEq/L)** supports **contraction alkalosis**, which occurs with **volume depletion and aldosterone-mediated renal H⁺ excretion**.

4. **Normal BUN (20 mg/dL) and Glucose (129 mg/dL)**:
   - Rules out **prerenal azotemia (D: Impaired kidney perfusion)** and **severe cortisol excess (C: Cushing’s syndrome)** as primary drivers.
   - Mild hyperglycemia (129 mg/dL) is **non-specific** and could be due to **stress, obesity, or mild insulin resistance** but is **not diagnostic of Cushing’s**.

5. **No Evidence of Catecholamine Excess (B)**:
   - No **paroxysmal hypertension, tachycardia, diaphoresis, or headaches**, which would suggest **pheochromocytoma**.

6. **No

Agent 3: The most likely underlying etiology of this patient's hypertension, based on the clinical presentation and laboratory findings, is **(A) Aldosterone excess**.

### **Critical Analysis and Synthesis of Evidence:**

#### **1. Clinical and Laboratory Clues Supporting Aldosterone Excess (Primary Hyperaldosteronism):**
- **Hypokalemia (K⁺ 3.3 mEq/L):**
  Aldosterone directly promotes renal potassium excretion, leading to hypokalemia. This is a hallmark of aldosterone excess.

- **Metabolic Alkalosis (HCO₃⁻ 33 mEq/L, Cl⁻ 100 mEq/L):**
  Aldosterone stimulates sodium reabsorption and potassium/hydrogen ion excretion in the distal tubule, resulting in metabolic alkalosis. The low chloride level further supports this mechanism (contraction alkalosis).

- **Hypertension (174/111 mmHg):**
  Aldosterone excess causes sodium retention and volume expansion, leading to hypertension. The patient’s hypertension is resistant to multiple antihypertensive agents (HCTZ, lisinopril, amlodipine), which is characteristic of secondary causes like aldosterone excess.

- **Fatigue and Muscle Cramps:**
  Hypokalemia is a well-known cause of muscle weakness, fatigue, and cramps, which aligns with the patient’s symptoms.

#### **2. Why Other Options Are Less Likely:**
- **(C) Cortisol Excess (Cushing’s Syndrome):**
  While cortisol excess can cause hypokalemia and hypertension, it typically presents with additional features such as hyperglycemia, truncal obesity, moon facies, striae, and proximal muscle weakness. The patient’s glucose is only mildly elevated (129 mg/dL), and there are no other signs of Cushing’s syndrome.

- **(E) Increased Peripheral Vascular Resistance:**
  This is a mechanism of hypertension but not an underlying etiology. It is a downstream effect of many conditions, including aldosterone excess, and does not explain the hypokalemia or metabolic alkalosis.

- **(D) Impaired Kidney Perfusion (e.g., Renal Artery Stenosis):**
  This would typically present with elevated BUN/creatinine ratios, proteinuria, or signs of renal ischemia. The patient’s BUN is normal (20 mg/dL), and there are no clinical signs of renal artery stenosis.

- **(B) Catecholamine-Secreting Mass

Agent 4: Given the patient’s clinical presentation—**persistent hypertension despite multiple antihypertensive medications, hypokalemia, metabolic alkalosis, and fatigue/muscle cramps**—along with the provided laboratory findings, the **most likely underlying etiology is (A) Aldosterone excess (primary hyperaldosteronism)**. Below is a refined analysis incorporating the latest data and ruling out alternative causes more rigorously:

---

### **Key Supporting Evidence for Aldosterone Excess (Primary Hyperaldosteronism)**
1. **Hypokalemia (K⁺ = 3.3 mEq/L) with Metabolic Alkalosis (HCO₃⁻ = 33 mEq/L)**
   - Aldosterone drives **renal potassium excretion** and **bicarbonate retention**, causing both hypokalemia and metabolic alkalosis. This is a **classic biochemical signature** of aldosterone excess.
   - The **low chloride (Cl⁻ = 100 mEq/L)** further supports **contraction alkalosis** (due to volume depletion and aldosterone-mediated sodium retention).

2. **Hypertension Resistant to Multiple Medications**
   - Aldosterone excess leads to **sodium retention** and **volume expansion**, which contributes to hypertension. The patient’s hypertension persists despite **thiazide (HCTZ), ACE inhibitor (lisinopril), and calcium channel blocker (amlodipine)**, suggesting a **secondary mechanism** (e.g., aldosterone-driven volume overload).

3. **No Evidence of Alternative Causes**
   - **(C) Cortisol excess (Cushing’s syndrome):**
     - While cortisol excess can cause **hypokalemia**, the patient lacks **hyperglycemia (glucose = 129 mg/dL is only mildly elevated)**, **central obesity, striae, or Cushingoid features**. Metabolic alkalosis is less common in Cushing’s and would typically be accompanied by **hypernatremia** (not seen here).
   - **(E) Increased peripheral vascular resistance (essential hypertension):**
     - This would not explain the **hypokalemia/metabolic alkalosis** or the **resistant hypertension** pattern.
   - **(D) Impaired kidney perfusion (e.g., renal artery stenosis):**
     - Would likely cause **elevated BUN/creatinine** (not present) or a **renin-aldosterone mismatch** (not assessed here).
   - **(B) Catecholamine-se


[INFO] Final aggregated result: ### **Most Likely Underlying Etiology: (A) Aldosterone Excess (Primary Hyperaldosteronism)**

#### **Comprehensive Analysis and Synthesis of Evidence**

This patient’s presentation—**resistant hypertension, hypokalemia, metabolic alkalosis, and symptoms of muscle cramps/fatigue**—strongly suggests **primary hyperaldosteronism (Conn’s syndrome)** as the underlying cause. Below is a detailed evaluation of the clinical and laboratory findings, along with a critical assessment of alternative diagnoses.

---

### **1. Key Findings Supporting Aldosterone Excess**
#### **A. Hypokalemia (K⁺ = 3.3 mEq/L)**
- **Mechanism:** Aldosterone promotes **renal potassium excretion** in exchange for sodium reabsorption, leading to **hypokalemia**.
- **Clinical Relevance:**
  - The patient’s **muscle cramps and fatigue** are classic symptoms of **hypokalemia**.
  - While **hydrochlorothiazide (HCTZ)** can cause hypokalemia, the **severity (K⁺ = 3.3 mEq/L)** is **disproportionate** to typical thiazide-induced hypokalemia, suggesting an **additional aldosterone-driven mechanism**.

#### **B. Metabolic Alkalosis (HCO₃⁻ = 33 mEq/L, Cl⁻ = 100 mEq/L)**
- **Mechanism:** Aldosterone stimulates **hydrogen ion (H⁺) excretion** in the distal nephron, leading to **bicarbonate retention** and **metabolic alkalosis**.
- **Supporting Evidence:**
  - **Low chloride (Cl⁻ = 100 mEq/L)** suggests **contraction alkalosis** (due to **volume depletion** and **aldosterone-mediated sodium retention**).
  - This **biochemical triad (hypokalemia + metabolic alkalosis + low chloride)** is **highly specific** for **mineralocorticoid excess**.

#### **C. Resistant Hypertension (BP = 174/111 mmHg on 3 Medications)**
- **Mechanism:** Aldosterone causes **sodium retention, volume expansion, and hypertension** via **mineralocorticoid receptor activation**.
- **Clinical Relevance:**
  - The patient’s **persistent hypertension despite HCTZ, lisinopril, and amlodipine** suggests a **secondary cause** (e.g., **aldosterone excess**).
  - **Primary hyperaldosteronism is the most common cause of secondary hypertension**, accounting for **5–10% of all hypertension cases**.

#### **D. Absence of Other Secondary Hypertension Features**
- **No signs of renal artery stenosis (D):**
  - **Normal BUN (20 mg/dL)** and **no evidence of renal impairment** make **impaired kidney perfusion** unlikely.
- **No signs of pheochromocytoma (B):**
  - **No paroxysmal hypertension, headaches, palpitations, or diaphoresis** (classic for **catecholamine excess**).
- **No signs of Cushing’s syndrome (C):**
  - **Mild hyperglycemia (129 mg/dL)** is **non-specific** and **not diagnostic** of cortisol excess.
  - **No truncal obesity, striae, or proximal muscle weakness** (common in Cushing’s).

---

### **2. Why Other Diagnoses Are Less Likely**
| **Diagnosis**               | **Why It’s Unlikely**                                                                 |
|-----------------------------|--------------------------------------------------------------------------------------|
| **(C) Cortisol Excess**     | - **No Cushingoid features** (moon facies, striae, central obesity).                 |
|                             | - **Mild hyperglycemia (129 mg/dL)** is **non-specific** (could be stress/obesity).   |
|                             | - **Metabolic alkalosis is less common** in Cushing’s (more likely **hypernatremia**).|
| **(E) Increased Peripheral Vascular Resistance** | - **This is a mechanism, not an etiology** (could be due to **aldosterone excess**).  |
|                             | - **Does not explain hypokalemia or metabolic alkalosis**.                          |
| **(D) Impaired Kidney Perfusion** | - **No elevated BUN/creatinine** (would expect **prerenal azotemia**).               |
|                             | - **No evidence of renal artery stenosis** (e.g., abdominal bruit, flash pulmonary edema). |
| **(B) Catecholamine-Secreting Mass** | - **No paroxysmal symptoms** (headaches, palpitations, diaphoresis).                 |
|                             | - **Hypertension is sustained, not episodic**.                                       |

---

### **3. Next Steps in Diagnosis and Management**
#### **A. Confirmatory Testing for Primary Hyperaldosteronism**
1. **Plasma Aldosterone/Renin Ratio (ARR):**
   - **Elevated aldosterone + suppressed renin** (ARR > 20–30 ng/dL per ng/mL/hr) is **diagnostic**.
   - **Must correct hypokalemia first** (low K⁺ can suppress aldosterone).
2. **Salt Loading Test (Oral or IV):**
   - **Failure to suppress aldosterone** after salt loading confirms **autonomous aldosterone production**.
3. **Adrenal Imaging (CT/MRI):**
   - To identify **adrenal adenoma** (most common cause) vs. **bilateral adrenal hyperplasia**.

#### **B. Management**
- **Medical Therapy:**
  - **Mineralocorticoid receptor antagonists (spironolactone, eplerenone)** to **block aldosterone effects**.
  - **Potassium-sparing diuretics (amiloride, triamterene)** if spironolactone is not tolerated.
- **Surgical Therapy:**
  - **Adrenalectomy** for **unilateral adenoma** (curative in ~50% of cases).

---

### **4. Conclusion**
The **combination of resistant hypertension, hypokalemia, metabolic alkalosis, and low chloride** is **classic for primary hyperaldosteronism**. The **absence of features suggesting Cushing’s, pheochromocytoma, or renal artery stenosis** further supports this diagnosis. **Further workup with plasma aldosterone/renin ratio and adrenal imaging is warranted** to confirm and guide treatment.

**Final Answer: (A) Aldosterone excess (Primary Hyperaldosteronism).**


[INFO] no: 2
A 47-year-old woman seeks evaluation at your office because she has had postcoital vaginal bleeding for the past 8 months with occasional intermenstrual watery, blood-tinged vaginal discharge. Her family history is negative for malignancies and inherited disorders. She is the result of a pregnancy complicated by numerous miscarriages in the 1960s, for which her mother received diethylstilbestrol. During a pelvic examination, you notice a polypoid mass on the anterior wall of the vagina. The bimanual examination is negative for adnexal masses. You suspect the presence of carcinoma and, therefore, send tissue samples to pathology, which confirmed the presence of malignant cells. Which of the following is the most likely malignant tumor in this patient? Options: (D) Verrucous carcinoma (C) Botryoid sarcoma (E) Squamous cell carcinoma (SCC) (A) Clear cell adenocarcinoma (B) Melanoma

[INFO] Layer 1 results:
Agent 1: The most likely malignant tumor in this patient is **(A) Clear cell adenocarcinoma**.

### Key Points Supporting This Diagnosis:
1. **Exposure to Diethylstilbestrol (DES)**:
   - The patient's mother was exposed to DES during pregnancy, which is strongly associated with **clear cell adenocarcinoma** of the vagina or cervix in female offspring. This is a well-documented risk factor.

2. **Clinical Presentation**:
   - **Postcoital bleeding** and **intermenstrual watery, blood-tinged discharge** are classic symptoms of vaginal or cervical malignancy.
   - The presence of a **polypoid mass on the anterior vaginal wall** is consistent with clear cell adenocarcinoma, which often presents as a nodular or polypoid lesion.

3. **Age and Histology**:
   - Clear cell adenocarcinoma typically occurs in women in their 20s–40s (though this patient is 47, which is still within the possible age range for DES-related cases).
   - The pathology report confirmed malignant cells, and clear cell adenocarcinoma is the most likely malignancy in this context.

4. **Other Options Less Likely**:
   - **(E) Squamous cell carcinoma (SCC)**: More common in older women, often associated with HPV and chronic inflammation (e.g., lichen sclerosus). Less likely in this patient's age group without additional risk factors.
   - **(D) Verrucous carcinoma**: A slow-growing, well-differentiated SCC variant, but not typically associated with DES exposure.
   - **(C) Botryoid sarcoma (rhabdomyosarcoma)**: A rare, aggressive tumor seen in children, not in adults.
   - **(B) Melanoma**: Rare in the vagina, usually presents as a pigmented lesion, and not linked to DES.

### Final Answer:
**(A) Clear cell adenocarcinoma** is the most likely diagnosis.

Agent 2: The most likely malignant tumor in this patient is **(A) Clear cell adenocarcinoma**.

### **Reasoning:**
1. **Patient History:**
   - The patient was exposed to **diethylstilbestrol (DES)** in utero due to her mother's use during pregnancy in the 1960s.
   - DES exposure is strongly associated with **clear cell adenocarcinoma of the vagina and cervix**, particularly in women exposed in utero.

2. **Clinical Presentation:**
   - Postcoital vaginal bleeding and intermenstrual discharge are classic symptoms of vaginal or cervical malignancies.
   - The presence of a **polypoid mass** on the anterior vaginal wall is consistent with clear cell adenocarcinoma, which often presents as a raised, irregular lesion.

3. **Pathology Confirmation:**
   - The biopsy confirmed **malignant cells**, and clear cell adenocarcinoma is the most likely diagnosis given the DES exposure history.

### **Why Not the Other Options?**
- **(D) Verrucous carcinoma** – Typically associated with HPV and presents as a warty, exophytic lesion, not typically linked to DES.
- **(C) Botryoid sarcoma** – A rare subtype of rhabdomyosarcoma, more common in children and not linked to DES.
- **(E) Squamous cell carcinoma (SCC)** – More common in older women with HPV exposure, not specifically tied to DES.
- **(B) Melanoma** – Unrelated to DES exposure and would present differently (pigmented lesions).

### **Conclusion:**
The **clear cell adenocarcinoma** is the most likely diagnosis due to the patient's **DES exposure history** and clinical presentation.

Agent 3: The most likely malignant tumor in this patient is **(A) Clear cell adenocarcinoma**.

### **Rationale:**
1. **Exposure to Diethylstilbestrol (DES):**
   - This patient was exposed to **diethylstilbestrol (DES)** in utero due to her mother's treatment during pregnancy in the 1960s.
   - DES exposure is strongly associated with **clear cell adenocarcinoma (CCA)** of the vagina and cervix in daughters of women who took DES during pregnancy.
   - CCA typically presents in young women (often in their 20s–40s) and can manifest as **polypoid masses, vaginal bleeding, or watery discharge**.

2. **Clinical Presentation:**
   - The patient has **postcoital bleeding and intermenstrual discharge**, which are classic symptoms of vaginal carcinoma.
   - The **polypoid mass on the anterior vaginal wall** is consistent with the appearance of CCA, which often presents as a **friable, papillary, or polypoid lesion**.

3. **Exclusion of Other Options:**
   - **(D) Verrucous carcinoma** – Rare in this context and more commonly associated with HPV-related lesions (e.g., condyloma acuminatum).
   - **(C) Botryoid sarcoma** – A rare embryonal rhabdomyosarcoma (often in young children), not linked to DES exposure.
   - **(E) Squamous cell carcinoma (SCC)** – More common in older women, often linked to HPV or chronic inflammation (e.g., cervical dysplasia), but not specifically tied to DES.
   - **(B) Melanoma** – Unlikely in this setting; vaginal melanomas are rare and not associated with DES exposure.

### **Conclusion:**
Given the **history of DES exposure, clinical presentation, and typical pathology findings**, **clear cell adenocarcinoma (CCA)** is the most likely diagnosis. This case aligns with the known **epidemiological and clinical profile** of DES-related vaginal cancer.

Agent 4: The most likely malignant tumor in this patient is **(A) Clear cell adenocarcinoma**.

### Key Points Supporting the Diagnosis:
1. **Diethylstilbestrol (DES) Exposure**:
   - The patient’s mother received DES during pregnancy, which is a well-known teratogen linked to an increased risk of **clear cell adenocarcinoma of the vagina and cervix** in daughters. This is particularly concerning given the patient’s age (47) and the presence of vaginal abnormalities.

2. **Clinical Presentation**:
   - **Postcoital vaginal bleeding** and **intermenstrual discharge** are nonspecific but can occur with vaginal malignancies, especially if the lesion is polypoid (as noted on exam).
   - The **vaginal polypoid mass** is highly suggestive of a **clear cell adenocarcinoma** (often presenting as a polyp-like lesion) rather than other options.

3. **Exclusion of Other Options**:
   - **(D) Verrucous carcinoma**: A low-grade squamous carcinoma with a keratotic surface; unlikely given the patient’s history of DES exposure and the absence of typical HPV-related risk factors.
   - **(C) Botryoid sarcoma**: A rare, aggressive sarcoma of mesenchymal origin; highly unlikely in this context.
   - **(E) Squamous cell carcinoma (SCC)**: Could occur in the vagina, but the patient’s history of DES exposure makes clear cell adenocarcinoma far more probable.
   - **(B) Melanoma**: Extremely rare in the vagina; would require additional clinical suspicion for pigmentation.

### Why Not the Other Options?
- **Clear cell adenocarcinoma** is the **hallmark malignancy** associated with DES exposure in this patient population.
- The **polypoid mass** and **vaginal location** are classic for clear cell adenocarcinoma, which often presents as a polyp-like lesion in DES-exposed women.

### Conclusion:
The most likely diagnosis is **(A) Clear cell adenocarcinoma**.


[INFO] Layer 2 results:
Agent 1: Based on the patient's history and clinical presentation, the most likely malignant tumor in this patient is **(A) Clear cell adenocarcinoma**.

### Key Supporting Evidence:

1. **Diethylstilbestrol (DES) Exposure**:
   - The patient's mother received DES during pregnancy in the 1960s, which is strongly associated with the development of clear cell adenocarcinoma of the vagina and cervix in female offspring. This is a well-documented risk factor.

2. **Clinical Presentation**:
   - **Postcoital bleeding** and **intermenstrual watery, blood-tinged discharge** are classic symptoms of vaginal or cervical malignancy.
   - The presence of a **polypoid mass on the anterior vaginal wall** is consistent with clear cell adenocarcinoma, which often presents as a nodular or polypoid lesion.

3. **Age and Histology**:
   - Clear cell adenocarcinoma typically occurs in women in their 20s–40s, though the patient's age of 47 is still within the possible age range for DES-related cases.
   - The pathology report confirmed malignant cells, and clear cell adenocarcinoma is the most likely malignancy in this context.

### Exclusion of Other Options:

- **(D) Verrucous carcinoma**: Typically associated with HPV and presents as a warty, exophytic lesion, not typically linked to DES.
- **(C) Botryoid sarcoma**: A rare subtype of rhabdomyosarcoma, more common in children and not linked to DES.
- **(E) Squamous cell carcinoma (SCC)**: More common in older women with HPV exposure, not specifically tied to DES.
- **(B) Melanoma**: Unrelated to DES exposure and would present differently (pigmented lesions).

### Conclusion:

Given the patient's history of DES exposure, clinical presentation, and typical pathology findings, **clear cell adenocarcinoma (CCA)** is the most likely diagnosis. This case aligns with the known epidemiological and clinical profile of DES-related vaginal cancer.

Agent 2: ### **Synthesized and Refined Response:**

The most likely malignant tumor in this 47-year-old woman is **(A) Clear cell adenocarcinoma**, based on a **comprehensive synthesis of clinical history, risk factors, and pathological findings**.

#### **Key Supporting Evidence:**
1. **Exposure to Diethylstilbestrol (DES):**
   - The patient’s mother was treated with **DES during pregnancy in the 1960s**, a well-documented risk factor for **clear cell adenocarcinoma (CCA) of the vagina and cervix** in female offspring.
   - DES-related CCA typically presents in **women aged 20–40**, though cases have been reported into the fifth decade. The patient’s age (47) remains within the plausible range for this malignancy.
   - This is a **pathognomonic association**, making CCA the most likely diagnosis in this context.

2. **Clinical Presentation:**
   - **Postcoital vaginal bleeding** and **intermenstrual watery, blood-tinged discharge** are classic symptoms of vaginal or cervical malignancies, particularly when associated with a **polypoid mass**.
   - The **polypoid lesion on the anterior vaginal wall** is highly suggestive of CCA, which often presents as a **friable, papillary, or polypoid growth** rather than a flat or ulcerated lesion.

3. **Pathological Confirmation:**
   - The biopsy confirmed **malignant cells**, and the clinical context strongly favors CCA over other malignancies in this setting.

#### **Why Other Options Are Less Likely:**
- **(D) Verrucous carcinoma**:
  - A well-differentiated variant of squamous cell carcinoma, typically **HPV-associated** and presenting as a **warty, exophytic lesion**. Not linked to DES exposure.
- **(C) Botryoid sarcoma**:
  - A subtype of **embryonal rhabdomyosarcoma**, primarily affecting **children and young adolescents**, not adults with DES exposure.
- **(E) Squamous cell carcinoma (SCC)**:
  - More common in **older women** and associated with **HPV infection, chronic inflammation, or lichen sclerosus**. While possible, the DES history makes CCA far more probable.
- **(B) Melanoma**:
  - Extremely rare in the vagina and **not associated with DES exposure**. Would typically present as a **pigmented lesion**, which is not described here.

#### **Conclusion:**
Given

Agent 3: Based on the detailed synthesis of the provided responses, the most accurate and well-supported answer to the question is:

**The most likely malignant tumor in this patient is (A) Clear cell adenocarcinoma.**

### Comprehensive Explanation:

1. **Historical Context and Risk Factors:**
   The patient’s mother was exposed to **diethylstilbestrol (DES)** during pregnancy in the 1960s. DES exposure is a well-documented risk factor for **clear cell adenocarcinoma (CCA)** of the vagina and cervix in female offspring. This association is robust and specific, making CCA the primary consideration in this clinical scenario.

2. **Clinical Presentation:**
   The patient presents with **postcoital vaginal bleeding** and **intermenstrual watery, blood-tinged discharge**, which are common symptoms of vaginal or cervical malignancies. The **polypoid mass on the anterior vaginal wall** is also highly indicative of CCA, as this tumor often presents as a nodular or polypoid lesion.

3. **Pathological Confirmation:**
   The pathology report confirmed the presence of malignant cells, which further supports the diagnosis of CCA. This aligns with the expected histological findings for DES-related vaginal cancer.

4. **Exclusion of Other Options:**
   - **(D) Verrucous carcinoma:** This is a rare, slow-growing variant of squamous cell carcinoma, typically associated with HPV and not linked to DES exposure.
   - **(C) Botryoid sarcoma:** This is a subtype of rhabdomyosarcoma that primarily affects young children and is not associated with DES exposure.
   - **(E) Squamous cell carcinoma (SCC):** While SCC can occur in the vagina, it is more commonly associated with HPV infection and chronic inflammation rather than DES exposure. Moreover, SCC typically presents differently and is less likely in this specific clinical context.
   - **(B) Melanoma:** Vaginal melanoma is extremely rare and not linked to DES exposure. It would generally present as a pigmented lesion, which is not described in this case.

### Conclusion:
Given the **unique historical exposure to DES**, the **specific clinical presentation**, and the **pathological findings**, **clear cell adenocarcinoma (A)** is the most likely malignant tumor in this patient. This diagnosis is strongly supported by epidemiological data, clinical presentation, and the exclusion of other less probable malignancies.

Agent 4: Given the **critical evaluation** of the clinical presentation, patient history, and pathology findings, the most likely malignant tumor in this patient is **(A) Clear cell adenocarcinoma**. Below is a refined, evidence-based synthesis of the reasoning, addressing potential misconceptions and reinforcing the diagnosis:

---

### **Final Diagnosis: Clear Cell Adenocarcinoma (Option A)**
#### **Core Reasoning**
1. **Inherent Risk Factor: Diethylstilbestrol (DES) Exposure**
   - The patient’s mother’s use of **DES during pregnancy in the 1960s** is a **direct teratogenic risk** for her daughter. DES exposure is **strongly linked to clear cell adenocarcinoma (CCA) of the vagina and cervix**, particularly in women born to mothers who took DES.
   - CCA accounts for **~90% of DES-associated vaginal malignancies**, with an incidence in exposed women as high as **1:200–1:300** (vs. ~1:10,000 in the general population). This is a **classic association** in medical literature (e.g., studies by *Hertig et al.*, 1971).

2. **Clinical Presentation Matching CCA**
   - **Postcoital bleeding and intermenstrual discharge**: These symptoms are **non-specific but highly suggestive** of vaginal malignancy, especially when combined with a **polypoid lesion** (as noted on exam). CCA often presents as:
     - A **polypoid or friable mass** (e.g., a "strawberry-like" or nodular lesion on the vaginal wall).
     - **Bleeding or discharge** due to friability or ulceration.
   - The **lack of adnexal masses** on bimanual exam further supports a **primary vaginal/cervical origin**, which aligns with CCA’s typical presentation.

3. **Pathology Confirmation**
   - The biopsy confirmed **malignant cells**, with CCA being the **most probable diagnosis** given the DES history. Pathologically, CCA exhibits:
     - **Clear cells with glycogen-rich cytoplasm** (hence the name).
     - **Papillary or glandular structures** (often seen on H&E staining).
     - **Associated with squamous metaplasia** (common in DES-exposed patients).

4. **Exclusion of Other Options**
   - **(D) Verrucous carcinoma**: A **keratinizing squamous carcinoma** with a **


[INFO] Final aggregated result: ### **Final Diagnosis: (A) Clear Cell Adenocarcinoma**

#### **Comprehensive Rationale**

1. **Diethylstilbestrol (DES) Exposure – A Defining Risk Factor**
   - The patient’s mother received **DES during pregnancy in the 1960s**, a synthetic estrogen prescribed to prevent miscarriages. DES exposure is **strongly and specifically associated with clear cell adenocarcinoma (CCA) of the vagina and cervix** in female offspring.
   - **Epidemiological evidence** confirms that DES-exposed women have a **40-fold increased risk** of developing CCA compared to unexposed women. The latency period for DES-related CCA typically ranges from **15 to 30 years**, aligning with the patient’s age (47).
   - This is a **pathognomonic association**—no other malignancy in the given options has such a well-documented link to DES exposure.

2. **Clinical Presentation – Classic for CCA**
   - **Postcoital bleeding and intermenstrual watery, blood-tinged discharge** are hallmark symptoms of vaginal or cervical malignancies, particularly when associated with a **visible lesion**.
   - The **polypoid mass on the anterior vaginal wall** is highly characteristic of CCA, which often presents as a **friable, nodular, or polypoid growth** rather than a flat or ulcerated lesion.
   - The **absence of adnexal masses** on bimanual examination further supports a **primary vaginal origin**, consistent with CCA.

3. **Pathological Confirmation**
   - The biopsy confirmed **malignant cells**, and the clinical context overwhelmingly favors CCA. Histologically, CCA is characterized by:
     - **Clear cells with glycogen-rich cytoplasm** (hence the name).
     - **Papillary or glandular architecture** (often seen on H&E staining).
     - **Associated squamous metaplasia** (common in DES-exposed patients).

4. **Exclusion of Other Malignancies**
   - **(D) Verrucous carcinoma**:
     - A **well-differentiated squamous cell carcinoma** with a **warty, exophytic appearance**, typically associated with **HPV infection** (not DES).
     - More common in older women and not linked to DES exposure.
   - **(C) Botryoid sarcoma**:
     - A subtype of **embryonal rhabdomyosarcoma**, almost exclusively seen in **children and adolescents** (rarely in adults).
     - Presents as a **grape-like mass** in the vagina, not typically polypoid, and unrelated to DES.
   - **(E) Squamous cell carcinoma (SCC)**:
     - The **most common vaginal malignancy** in the general population, but **not specifically linked to DES exposure**.
     - More commonly associated with **HPV infection, chronic inflammation, or lichen sclerosus**.
     - Typically presents in **older women** (peak incidence in the 60s–70s) and often as an **ulcerated or flat lesion** rather than a polypoid mass.
   - **(B) Melanoma**:
     - **Extremely rare** in the vagina (accounts for <3% of vaginal malignancies).
     - **Not associated with DES exposure** and would typically present as a **pigmented lesion**, which is not described here.

5. **Age Consideration**
   - While CCA is most commonly diagnosed in **women aged 15–30** (due to DES exposure in utero), cases have been reported **up to age 50 or later**. The patient’s age (47) is **still within the plausible range** for DES-related CCA, particularly given the **long latency period** of this malignancy.

---

### **Conclusion**
Given the **uniquely strong association with DES exposure**, the **classic clinical presentation**, and the **pathological confirmation of malignancy**, **clear cell adenocarcinoma (A)** is the **most likely diagnosis** in this patient. The other options are either **not linked to DES**, **inconsistent with the clinical presentation**, or **far less probable** based on the patient’s age and history.

**Final Answer: (A) Clear cell adenocarcinoma** ✅


[INFO] no: 3
A 36-year-old man undergoes open reduction and internal fixation of a left femur fracture sustained after a motor vehicle collision. Three days after the surgery, he develops fever and redness around the surgical site. His temperature is 39.5°C (103.1°F). Physical examination shows purulent discharge from the wound with erythema of the surrounding skin. Wound culture of the purulent discharge shows gram-positive cocci in clusters. Treatment with oral dicloxacillin is initiated. Four days later, the patient continues to have high-grade fever, pain, and purulent discharge. Which of the following characteristics of the infecting organism best explains the failure to improve with antibiotic therapy? Options: (E) Adaptation in binding proteins (B) Presence of an impenetrable outer membrane (A) Secretion of a pyrogenic toxin (C) Ability to cleave β-lactam rings (D) Development of efflux pumps

[INFO] Layer 1 results:
Agent 1: The most likely explanation for the failure of antibiotic therapy in this patient is **(C) Ability to cleave β-lactam rings**.

### Explanation:
1. **Gram-positive cocci in clusters** suggest **Staphylococcus aureus** as the likely pathogen.
2. **Dicloxacillin** is a **β-lactam antibiotic** (a penicillinase-resistant penicillin) used to treat **MSSA (methicillin-susceptible Staphylococcus aureus)** infections.
3. If the patient is not improving despite dicloxacillin treatment, the organism may be **methicillin-resistant Staphylococcus aureus (MRSA)**, which produces **β-lactamase enzymes** that cleave the β-lactam ring, rendering the antibiotic ineffective.
4. Other options:
   - **(E) Adaptation in binding proteins** (e.g., PBP2a in MRSA) is a mechanism of resistance but is not the primary reason for β-lactam failure.
   - **(B) Presence of an impenetrable outer membrane** is a feature of **Gram-negative bacteria**, not Gram-positive cocci.
   - **(A) Secretion of a pyrogenic toxin** (e.g., TSST-1 in toxic shock syndrome) may cause fever but does not explain antibiotic failure.
   - **(D) Development of efflux pumps** is a resistance mechanism but is less common in staphylococci compared to β-lactamase production.

Thus, the most plausible explanation is **(C) Ability to cleave β-lactam rings**, indicating **MRSA infection**, which requires alternative antibiotics like **vancomycin, daptomycin, or linezolid**.

Agent 2: The scenario describes a patient who has developed a surgical site infection after open reduction and internal fixation of a left femur fracture. The wound culture shows **gram-positive cocci in clusters**, which is characteristic of **Staphylococcus aureus**. Despite treatment with **dicloxacillin** (a β-lactam antibiotic), the patient's symptoms persist, indicating **antibiotic resistance**.

### Key Observations:
1. **Gram-positive cocci in clusters** → Likely *Staphylococcus aureus*.
2. **Failure of dicloxacillin** → A first-line treatment for *S. aureus* infections, particularly **methicillin-susceptible** strains.
3. **Persistent fever, purulence, and pain** → Suggests **antibiotic resistance** in the infecting organism.

### Why Dicloxacillin Failed:
Dicloxacillin is a **β-lactam antibiotic** that works by inhibiting bacterial cell wall synthesis. If the organism is **β-lactam-resistant**, it means it has mechanisms to **inactivate or evade the drug**. The most common mechanism in *S. aureus* is the production of **β-lactamase** (an enzyme that cleaves the β-lactam ring of penicillin-like drugs) or, more critically, the **presence of a modified penicillin-binding protein (PBP)** that reduces drug binding affinity (seen in **methicillin-resistant *S. aureus* (MRSA)**).

However, since the patient was initially treated with **dicloxacillin** (a **narrow-spectrum penicillinase-resistant penicillin**), the most likely explanation for failure is that the organism is **producing β-lactamase**, which cleaves the β-lactam ring of dicloxacillin, rendering it ineffective.

### Evaluating the Options:
- **(E) Adaptation in binding proteins** → This is seen in **MRSA**, which has altered PBPs (e.g., PBP2a) that reduce affinity for β-lactams. However, dicloxacillin is **not effective against MRSA** because MRSA is resistant to all β-lactams, including dicloxacillin. This could be a possibility, but the question specifies **dicloxacillin failure**, which is more directly explained by β-lactamase production.
- **(B) Presence of an impenetrable outer membrane** → Irrelevant, as this is a feature of **Gram-negative bacteria** (e.g., *Pseudomonas*), not Gram-positive *Staphylococcus*.
- **(A) Se

Agent 3: The scenario describes a patient with a **left femur fracture** treated with **open reduction and internal fixation (ORIF)**, who later develops a **surgical site infection** characterized by fever, erythema, purulent discharge, and **gram-positive cocci in clusters** (consistent with **Staphylococcus aureus**, likely **methicillin-resistant S. aureus, MRSA**).

The patient initially responds to **dicloxacillin**, a **first-generation penicillin** that targets **β-lactam-sensitive bacteria**. However, after **four days**, he fails to improve, suggesting **resistance development** or **intrinsic antibiotic resistance**.

### **Key Observations:**
1. **Gram-positive cocci in clusters** → **Staphylococcus aureus** (most likely **MRSA**).
2. **Initial response to dicloxacillin** → Suggests the organism was **β-lactam-sensitive at first** (or possibly a **β-lactamase-negative strain**).
3. **Failure to improve after 4 days** → Strongly suggests **β-lactam resistance** (likely due to **β-lactamase production**).

### **Why the Other Options Are Less Likely:**
- **(E) Adaptation in binding proteins** → More relevant to **glycopeptides (e.g., vancomycin resistance)** rather than β-lactams.
- **(B) Presence of an impenetrable outer membrane** → **Gram-negative bacteria** (e.g., *Pseudomonas*, *E. coli*) have outer membranes, but **S. aureus is gram-positive** and lacks this structure.
- **(A) Secretion of a pyrogenic toxin** → Would explain **fever and systemic symptoms**, but not **antibiotic resistance**.
- **(D) Development of efflux pumps** → More common in **gram-negative bacteria** (e.g., *Pseudomonas*, *Enterobacteriaceae*) and some **gram-positive bacteria** (e.g., *Streptococcus*), but **not the primary mechanism for β-lactam resistance in MRSA**.

### **Most Likely Explanation: (C) Ability to cleave β-lactam rings**
- **MRSA produces **β-lactamase**, an enzyme that **hydrolyzes the β-lactam ring**, rendering antibiotics like dicloxacillin ineffective.
- This explains why the patient initially responded (possibly due to a **low inoculum** or **delayed resistance development**) but later failed to improve.

### **Conclusion:**
The **best

Agent 4: The scenario describes a **staphylococcal infection** (gram-positive cocci in clusters) that is resistant to dicloxacillin (a first-generation penicillin derivative), despite persistent symptoms and purulent drainage. The failure of oral dicloxacillin to resolve the infection despite initial sensitivity testing suggests **resistance mechanisms** beyond simple β-lactamase production.

### Key Considerations:
1. **Staphylococcus aureus** is the most likely pathogen here, given the clinical presentation (fever, erythema, purulent discharge, and open wound).
2. Dicloxacillin is a **β-lactam antibiotic** that works by inhibiting bacterial cell wall synthesis. Its failure suggests either:
   - **β-lactamase production** (classic resistance mechanism), but this alone is unlikely to explain persistent symptoms without clinical improvement.
   - **Alternative resistance mechanisms**, such as **efflux pumps**, which actively expel β-lactams from the bacterial cell, reducing intracellular concentrations.
3. **Adaptation in binding proteins** (e.g., altered penicillin-binding proteins) is less common in *S. aureus* and more relevant in Gram-negatives.
4. **Presence of an impenetrable outer membrane** is irrelevant for Gram-positive cocci like *S. aureus*.
5. **Pyrogenic toxins** (e.g., superantigens like TSST-1 or enterotoxins) cause **toxic shock-like syndrome** but do not directly confer antibiotic resistance.

### Best Explanation:
**D) Development of efflux pumps**
Efflux pumps are a major mechanism of resistance in *S. aureus* to β-lactams, including dicloxacillin. These pumps actively transport antibiotics out of the cell, reducing their intracellular concentration and preventing effective inhibition of cell wall synthesis. This explains why the patient’s symptoms persist despite continued antibiotic exposure.

### Why Not the Others?
- **(A) Adaptation in binding proteins**: While possible, this is less common in *S. aureus* and typically requires genetic mutations (e.g., altered PBP2a in MRSA), which may not fully account for efflux-mediated resistance.
- **(B) Pyrogenic toxin**: Toxins cause inflammation and fever but do not directly confer antibiotic resistance.
- **(C) Cleavage of β-lactam rings**: β-lactamase production is a classic resistance mechanism, but the patient’s symptoms suggest a more complex issue (e.g., efflux or reduced penetration).

### Conclusion:
**D) Development of efflux pumps** is the most likely explanation for


[INFO] Layer 2 results:
Agent 1: The most likely explanation for the failure of antibiotic therapy in this patient is **(C) Ability to cleave β-lactam rings**.

### Explanation:

1. **Gram-positive cocci in clusters** suggest **Staphylococcus aureus** as the likely pathogen.
2. **Dicloxacillin** is a **β-lactam antibiotic** (a penicillinase-resistant penicillin) used to treat **MSSA (methicillin-susceptible Staphylococcus aureus)** infections.
3. If the patient is not improving despite dicloxacillin treatment, the organism may be **methicillin-resistant Staphylococcus aureus (MRSA)**, which produces **β-lactamase enzymes** that cleave the β-lactam ring, rendering the antibiotic ineffective.
4. Other options:
   - **(E) Adaptation in binding proteins** (e.g., PBP2a in MRSA) is a mechanism of resistance but is not the primary reason for β-lactam failure.
   - **(B) Presence of an impenetrable outer membrane** is a feature of **Gram-negative bacteria**, not Gram-positive cocci.
   - **(A) Secretion of a pyrogenic toxin** (e.g., TSST-1 in toxic shock syndrome) may cause fever but does not explain antibiotic failure.
   - **(D) Development of efflux pumps** is a resistance mechanism but is less common in staphylococci compared to β-lactamase production.

Thus, the most plausible explanation is **(C) Ability to cleave β-lactam rings**, indicating **MRSA infection**, which requires alternative antibiotics like **vancomycin, daptomycin, or linezolid**.

Agent 2: The most plausible explanation for the failure of dicloxacillin therapy in this patient is **(C) Ability to cleave β-lactam rings**, specifically due to **β-lactamase production by *Staphylococcus aureus***—most likely **methicillin-resistant *S. aureus* (MRSA)**.

### **Synthesis of Key Evidence:**
1. **Gram-positive cocci in clusters** → Confirms **Staphylococcus aureus** as the pathogen.
2. **Initial response to dicloxacillin** → Suggests the organism was initially **β-lactam-sensitive** (or had low-level resistance).
3. **Failure after 4 days** → Indicates **emergence of resistance**, likely due to **β-lactamase production** (cleaving the β-lactam ring of dicloxacillin, rendering it ineffective).
4. **Persistent symptoms despite treatment** → Strongly suggests **active resistance mechanisms**, with **β-lactamase** being the most common and clinically relevant in *S. aureus*.

### **Why Not the Other Options?**
- **(E) Adaptation in binding proteins** → While MRSA has altered PBPs (e.g., PBP2a), this is a **secondary mechanism** that explains **methicillin resistance** (not just dicloxacillin failure). Dicloxacillin is already ineffective against MRSA due to β-lactamase.
- **(B) Presence of an impenetrable outer membrane** → Irrelevant for **gram-positive** *S. aureus* (only applies to gram-negative bacteria).
- **(A) Secretion of a pyrogenic toxin** → Would explain **fever and systemic symptoms** but **not antibiotic resistance**.
- **(D) Development of efflux pumps** → While efflux pumps can contribute to resistance, they are **less common in *S. aureus*** compared to β-lactamase production and do not fully explain the **immediate failure of dicloxacillin** in this context.

### **Final Answer:**
**(C) Ability to cleave β-lactam rings** (β-lactamase production) is the **best explanation** for the failure of dicloxacillin therapy in this patient, indicating **MRSA infection** requiring alternative antibiotics (e.g., vancomycin, daptomycin, or linezolid).

Agent 3: The most plausible explanation for the failure of dicloxacillin therapy in this patient is **(C) Ability to cleave β-lactam rings**. Here’s a detailed, structured explanation:

---

### **Clinical Context and Pathogen Identification**
- **Patient Presentation**: The patient developed a **surgical site infection (SSI)** three days after open reduction and internal fixation (ORIF) of a left femur fracture. Symptoms include **fever (39.5°C), erythema, purulent discharge, and persistent pain**—classic signs of an active bacterial infection.
- **Microbiological Findings**: The wound culture grew **gram-positive cocci in clusters**, strongly suggestive of **Staphylococcus aureus** (S. *aureus*), the most common cause of post-surgical infections in this setting.

---

### **Antibiotic Choice and Resistance Mechanism**
- **Dicloxacillin**: A **β-lactam antibiotic** (specifically, a **penicillinase-resistant penicillin**) used primarily for **methicillin-susceptible S. aureus (MSSA)** infections. It works by inhibiting bacterial cell wall synthesis via **penicillin-binding proteins (PBPs)**.
- **Failure of Dicloxacillin**: Despite initial treatment, the patient’s symptoms persisted after four days. This suggests **antibiotic resistance**, likely due to:
  1. **β-Lactamase Production (Option C)**:
     - **S. aureus** can produce **β-lactamase enzymes**, which **cleave the β-lactam ring** of dicloxacillin, rendering it inactive. This is the **most common mechanism of resistance** to β-lactams in staphylococci.
     - **Methicillin-resistant S. aureus (MRSA)** produces **β-lactamase** *and* has **altered PBPs** (e.g., PBP2a), but **dicloxacillin is not effective against MRSA** because MRSA is inherently resistant to all β-lactams (including dicloxacillin) due to these mechanisms. However, **MRSA is not the only β-lactam-resistant strain**—**β-lactamase-producing MSSA** can also cause treatment failure.
     - The patient’s initial response to dicloxacillin (if any) and subsequent failure align with **β-lactamase-mediated resistance**, as this can develop rapidly in some strains.

  2. **Why Not the Other Options?**
     - **(E) Adaptation in

Agent 4: The most accurate and well-supported explanation for this clinical scenario is **(C) Ability to cleave β-lactam rings**, with a nuanced refinement to incorporate the broader context of **β-lactam resistance mechanisms in *Staphylococcus aureus* (S. aureus)**.

### **Critical Analysis of the Scenario and Options**

#### **1. Clinical Context and Pathogen Identification**
- **Patient**: Post-operative surgical site infection (SSI) after ORIF of a femur fracture.
- **Culture Findings**: Gram-positive cocci in clusters → **Staphylococcus aureus** (most likely **methicillin-resistant S. aureus, MRSA**).
- **Antibiotic Exposure**: Dicloxacillin (a **penicillinase-resistant penicillin**, first-line for *MSSA*).
- **Clinical Failure**: Persistent fever, purulence, and pain despite dicloxacillin therapy.

#### **2. Why Dicloxacillin Failed**
Dicloxacillin is a **β-lactam antibiotic** that inhibits bacterial cell wall synthesis. Its failure suggests **β-lactam resistance**, with the **most plausible mechanism being β-lactamase production** (cleavage of the β-lactam ring). However, we must also consider the broader context of **MRSA resistance**:

- **MRSA** is inherently resistant to **all β-lactams** (including dicloxacillin) because:
  - It produces **β-lactamase** (e.g., **PBP2a** in MRSA confers resistance by reducing affinity for β-lactams).
  - **β-lactamase production** directly cleaves the β-lactam ring, rendering dicloxacillin ineffective.

#### **3. Evaluating the Options**
| Option | Mechanism | Relevance to This Scenario | Why It’s Not the Best Answer |
|--------|-----------|----------------------------|-----------------------------|
| **(E) Adaptation in binding proteins** | Altered penicillin-binding proteins (e.g., PBP2a in MRSA) reduce β-lactam affinity. | Partially correct—MRSA has altered PBPs, but this is **not the primary reason dicloxacillin fails**. Dicloxacillin is **not effective against MRSA** because MRSA is resistant to **all β-lactams**, including dicloxacillin. | This option is **misleading** because it implies dicloxacillin *could* work, which is false. The question’s context suggests **β-lactam resistance**, and **β-lactamase production**


[ERROR] Exception at sample index 3: SDKError: API error occurred: Status 429. Body: {"object":"error","message":"Rate limit exceeded","type":"rate_limited","param":null,"code":"1300"}
[INFO] Saving progress up to last completed sample and exiting...

[INFO] Done. Saved 3 samples to: /home/hhalab/Documents/lab/Multi_Agents/moa/output/medqa_50_42.json
